--- contention:
cycles/second=1089250790
1314891839762 1480 @ 0x40420b 0x708127 0x45d331
1114763331393 1561 @ 0x43f7b4 0x5de989 0x45d331
359406230836 526 @ 0x40420b 0x6e49fb 0x7082ef 0x45d331
188789697164 2601 @ 0x43f7b4 0x6e3436 0x6df6ad 0x687e40 0x687ac4 0x689234 0x688d1e 0x7d7efa 0x507153 0x45d331
129924983267 2608 @ 0x43f7b4 0x6e8bdc 0x45d331
115955861819 5201 @ 0x43f7b4 0x6e96ef 0x6df999 0x687e40 0x687ac4 0x689234 0x688d1e 0x7d7efa 0x507153 0x45d331
2952077891 1 @ 0x40420b 0x4fdb85 0x4feff0 0x4fda94 0x4ff98c 0x507077 0x4fd479 0x4fec95 0x504a23 0x75d432 0x7ff0f2 0x42faa2 0x45d331
2711451010 3 @ 0x473c89 0x500060 0x793c22 0x793af0 0x4fd479 0x4fdc5b 0x45d331
334544282 2601 @ 0x43f7b4 0x6e7a2e 0x45d331
210215524 2601 @ 0x4708f7 0x6cd10d 0x6d190f 0x6d27c4 0x45d331
193693050 3 @ 0x473c89 0x72cd11 0x793c23 0x793af0 0x4fd479 0x4fdc5b 0x45d331
165216624 39 @ 0x472845 0x72d88c 0x6d1e4e 0x70781b 0x6d2df8 0x45d331
95450845 2601 @ 0x40420b 0x70880b 0x6ea827 0x6ea555 0x4f1a2e 0x5474c3 0x5475b5 0x7d7fcc 0x507153 0x45d331
22103525 1 @ 0x40420b 0x4fd6e8 0x4ff911 0x507077 0x4fd479 0x4fec95 0x504a23 0x75d432 0x7ff0f2 0x42faa2 0x45d331
15812439 5 @ 0x472845 0x60f5b3 0x72d678 0x72d62f 0x72cc2a 0x793c23 0x793af0 0x4fd479 0x4fdc5b 0x45d331
12620634 1 @ 0x473c89 0x500060 0x793c22 0x793af0 0x4fd479 0x506d91 0x45d331
5771476 1 @ 0x472845 0x72d88c 0x6d1e4e 0x6d6ba6 0x72d804 0x45d331
4602672 1 @ 0x472845 0x585f21 0x47415d 0x4742df 0x607f06 0x62de2e 0x472b95 0x61d8a2 0x60fb66 0x6d2201 0x45d331
3229768 1 @ 0x403473 0x708331 0x45d331
1150662 1 @ 0x472845 0x6d7654 0x6d1e63 0x70781b 0x6d2df8 0x45d331
920267 1 @ 0x472845 0x6e7446 0x45d331
63497 1 @ 0x472845 0x72d88c 0x6d1e4e 0x6d2f02 0x45d331
62953 1 @ 0x472845 0x72d88c 0x6d1e4e 0x6d280e 0x45d331
44207 1 @ 0x472845 0x6e23f4 0x70854f 0x6e83fd 0x45d331
29151 7 @ 0x472845 0x6e1ca8 0x6e324e 0x6df6ad 0x687e40 0x687ac4 0x689234 0x688d1e 0x7d7efa 0x507153 0x45d331
25064 7 @ 0x472845 0x6e1f6a 0x6e2f94 0x6df6ad 0x687e40 0x687ac4 0x689234 0x688d1e 0x7d7efa 0x507153 0x45d331
6345 1 @ 0x403473 0x507d22 0x504111 0x50585f 0x504818 0x75d432 0x7ff0f2 0x42faa2 0x45d331
5086 2 @ 0x472845 0x6e1297 0x7085a7 0x6e7bc6 0x45d331
4114 2 @ 0x472845 0x6e2ab6 0x6e91aa 0x6df999 0x687e40 0x687ac4 0x689234 0x688d1e 0x7d7efa 0x507153 0x45d331
3211 1 @ 0x472845 0x6e1297 0x6e113c 0x70815d 0x45d331
2936 1 @ 0x472845 0x6e2911 0x6e31b1 0x6df6ad 0x687e40 0x687ac4 0x689234 0x688d1e 0x7d7efa 0x507153 0x45d331
2612 1 @ 0x472845 0x6e2911 0x6e7b3d 0x45d331
